-------------------------------------------------------------------------------
Test set: com.example.clothing_inventory_project.ClothingInventoryProjectApplicationTests
-------------------------------------------------------------------------------
Tests run: 1, Failures: 0, Errors: 1, Skipped: 0, Time elapsed: 3.142 s <<< FAILURE! - in com.example.clothing_inventory_project.ClothingInventoryProjectApplicationTests
testSave  Time elapsed: 0 s  <<< ERROR!
org.springframework.beans.factory.UnsatisfiedDependencyException: Error creating bean with name 'com.example.clothing_inventory_project.ClothingInventoryProjectApplicationTests': Unsatisfied dependency expressed through field 'articleNumberDao'; nested exception is org.springframework.beans.factory.NoSuchBeanDefinitionException: No qualifying bean of type 'com.Article.dao.Article_numberDao' available: expected at least 1 bean which qualifies as autowire candidate. Dependency annotations: {@org.springframework.beans.factory.annotation.Autowired(required=true)}
Caused by: org.springframework.beans.factory.NoSuchBeanDefinitionException: No qualifying bean of type 'com.Article.dao.Article_numberDao' available: expected at least 1 bean which qualifies as autowire candidate. Dependency annotations: {@org.springframework.beans.factory.annotation.Autowired(required=true)}

